

Version:	3.12
CmdLine:	E:\School\SummerProjects\IVLESync\out\artifacts\IVLESync_jar\IVLESync.exe --l4j-debug
WOW64:		yes
Working dir:	E:\School\SummerProjects\IVLESync\out\artifacts\IVLESync_jar\.
Java min ver:	1.004.000
Java max ver:	
64-bit search:	SOFTWARE\JavaSoft\Java Runtime Environment...
Check:		SOFTWARE\JavaSoft\Java Runtime Environment\1.8
Check launcher:	C:\Program Files\Java\jre1.8.0_171\bin\javaw.exe (OK)
Match:		1.008.000
Check:		SOFTWARE\JavaSoft\Java Runtime Environment\1.8.0_171
Check launcher:	C:\Program Files\Java\jre1.8.0_171\bin\javaw.exe (OK)
Match:		1.008.000_171
64-bit search:	SOFTWARE\JavaSoft\Java Development Kit...
Check:		SOFTWARE\JavaSoft\Java Development Kit\1.8
Ignore:		1.008.000
Check:		SOFTWARE\JavaSoft\Java Development Kit\1.8.0_144
Ignore:		1.008.000_144
Check:		SOFTWARE\JavaSoft\Java Development Kit\1.8.0_171
Ignore:		1.008.000_171
64-bit search:	SOFTWARE\JavaSoft\JRE...
Check:		SOFTWARE\JavaSoft\JRE\10.0.1
Check launcher:	C:\Program Files\Java\jre-10.0.1\bin\javaw.exe (OK)
Match:		1.010.000_001
Check:		SOFTWARE\JavaSoft\JRE\10.0.2
Check launcher:	C:\Program Files\Java\jre-10.0.2\bin\javaw.exe (OK)
Match:		1.010.000_002
64-bit search:	SOFTWARE\JavaSoft\JDK...
Check:		SOFTWARE\JavaSoft\JDK\10.0.1
Ignore:		1.010.000_001
Check:		SOFTWARE\JavaSoft\JDK\10.0.2
Ignore:		1.010.000_002
Runtime used:	1.010.000_002 (64-bit)
Launcher:	C:\Program Files\Java\jre-10.0.2\bin\javaw.exe
Launcher args:	-jar "E:\School\SummerProjects\IVLESync\out\artifacts\IVLESync_jar\IVLESync.exe"
Args length:	80/32768 chars
Exit code:	0


Version:	3.12
CmdLine:	E:\School\SummerProjects\IVLESync\out\artifacts\IVLESync_jar\IVLESync.exe --l4j-debug
WOW64:		yes
Working dir:	E:\School\SummerProjects\IVLESync\out\artifacts\IVLESync_jar\.
Java min ver:	1.004.000
Java max ver:	
64-bit search:	SOFTWARE\JavaSoft\Java Runtime Environment...
Check:		SOFTWARE\JavaSoft\Java Runtime Environment\1.8
Check launcher:	C:\Program Files\Java\jre1.8.0_171\bin\javaw.exe (OK)
Match:		1.008.000
Check:		SOFTWARE\JavaSoft\Java Runtime Environment\1.8.0_171
Check launcher:	C:\Program Files\Java\jre1.8.0_171\bin\javaw.exe (OK)
Match:		1.008.000_171
64-bit search:	SOFTWARE\JavaSoft\Java Development Kit...
Check:		SOFTWARE\JavaSoft\Java Development Kit\1.8
Ignore:		1.008.000
Check:		SOFTWARE\JavaSoft\Java Development Kit\1.8.0_144
Ignore:		1.008.000_144
Check:		SOFTWARE\JavaSoft\Java Development Kit\1.8.0_171
Ignore:		1.008.000_171
64-bit search:	SOFTWARE\JavaSoft\JRE...
Check:		SOFTWARE\JavaSoft\JRE\10.0.1
Check launcher:	C:\Program Files\Java\jre-10.0.1\bin\javaw.exe (OK)
Match:		1.010.000_001
Check:		SOFTWARE\JavaSoft\JRE\10.0.2
Check launcher:	C:\Program Files\Java\jre-10.0.2\bin\javaw.exe (OK)
Match:		1.010.000_002
64-bit search:	SOFTWARE\JavaSoft\JDK...
Check:		SOFTWARE\JavaSoft\JDK\10.0.1
Ignore:		1.010.000_001
Check:		SOFTWARE\JavaSoft\JDK\10.0.2
Ignore:		1.010.000_002
Runtime used:	1.010.000_002 (64-bit)
Launcher:	C:\Program Files\Java\jre-10.0.2\bin\javaw.exe
Launcher args:	-jar "E:\School\SummerProjects\IVLESync\out\artifacts\IVLESync_jar\IVLESync.exe"
Args length:	80/32768 chars
Exit code:	0


Version:	3.12
CmdLine:	E:\School\SummerProjects\IVLESync\out\artifacts\IVLESync_jar\IVLESync.exe --l4j-debug
WOW64:		yes
Working dir:	E:\School\SummerProjects\IVLESync\out\artifacts\IVLESync_jar\.
Java min ver:	1.004.000
Java max ver:	
64-bit search:	SOFTWARE\JavaSoft\Java Runtime Environment...
Check:		SOFTWARE\JavaSoft\Java Runtime Environment\1.8
Check launcher:	C:\Program Files\Java\jre1.8.0_171\bin\javaw.exe (OK)
Match:		1.008.000
Check:		SOFTWARE\JavaSoft\Java Runtime Environment\1.8.0_171
Check launcher:	C:\Program Files\Java\jre1.8.0_171\bin\javaw.exe (OK)
Match:		1.008.000_171
64-bit search:	SOFTWARE\JavaSoft\Java Development Kit...
Check:		SOFTWARE\JavaSoft\Java Development Kit\1.8
Ignore:		1.008.000
Check:		SOFTWARE\JavaSoft\Java Development Kit\1.8.0_144
Ignore:		1.008.000_144
Check:		SOFTWARE\JavaSoft\Java Development Kit\1.8.0_171
Ignore:		1.008.000_171
64-bit search:	SOFTWARE\JavaSoft\JRE...
Check:		SOFTWARE\JavaSoft\JRE\10.0.1
Check launcher:	C:\Program Files\Java\jre-10.0.1\bin\javaw.exe (OK)
Match:		1.010.000_001
Check:		SOFTWARE\JavaSoft\JRE\10.0.2
Check launcher:	C:\Program Files\Java\jre-10.0.2\bin\javaw.exe (OK)
Match:		1.010.000_002
64-bit search:	SOFTWARE\JavaSoft\JDK...
Check:		SOFTWARE\JavaSoft\JDK\10.0.1
Ignore:		1.010.000_001
Check:		SOFTWARE\JavaSoft\JDK\10.0.2
Ignore:		1.010.000_002
Runtime used:	1.010.000_002 (64-bit)
Launcher:	C:\Program Files\Java\jre-10.0.2\bin\javaw.exe
Launcher args:	-jar "E:\School\SummerProjects\IVLESync\out\artifacts\IVLESync_jar\IVLESync.exe"
Args length:	80/32768 chars
Exit code:	0


Version:	3.12
CmdLine:	E:\School\SummerProjects\IVLESync\out\artifacts\IVLESync_jar\IVLESync.exe --l4j-debug
WOW64:		yes
Working dir:	E:\School\SummerProjects\IVLESync\out\artifacts\IVLESync_jar\.
Java min ver:	1.004.000
Java max ver:	
64-bit search:	SOFTWARE\JavaSoft\Java Runtime Environment...
Check:		SOFTWARE\JavaSoft\Java Runtime Environment\1.8
Check launcher:	C:\Program Files\Java\jre1.8.0_171\bin\javaw.exe (OK)
Match:		1.008.000
Check:		SOFTWARE\JavaSoft\Java Runtime Environment\1.8.0_171
Check launcher:	C:\Program Files\Java\jre1.8.0_171\bin\javaw.exe (OK)
Match:		1.008.000_171
64-bit search:	SOFTWARE\JavaSoft\Java Development Kit...
Check:		SOFTWARE\JavaSoft\Java Development Kit\1.8
Ignore:		1.008.000
Check:		SOFTWARE\JavaSoft\Java Development Kit\1.8.0_144
Ignore:		1.008.000_144
Check:		SOFTWARE\JavaSoft\Java Development Kit\1.8.0_171
Ignore:		1.008.000_171
64-bit search:	SOFTWARE\JavaSoft\JRE...
Check:		SOFTWARE\JavaSoft\JRE\10.0.1
Check launcher:	C:\Program Files\Java\jre-10.0.1\bin\javaw.exe (OK)
Match:		1.010.000_001
Check:		SOFTWARE\JavaSoft\JRE\10.0.2
Check launcher:	C:\Program Files\Java\jre-10.0.2\bin\javaw.exe (OK)
Match:		1.010.000_002
64-bit search:	SOFTWARE\JavaSoft\JDK...
Check:		SOFTWARE\JavaSoft\JDK\10.0.1
Ignore:		1.010.000_001
Check:		SOFTWARE\JavaSoft\JDK\10.0.2
Ignore:		1.010.000_002
Runtime used:	1.010.000_002 (64-bit)
Launcher:	C:\Program Files\Java\jre-10.0.2\bin\javaw.exe
Launcher args:	-jar "E:\School\SummerProjects\IVLESync\out\artifacts\IVLESync_jar\IVLESync.exe"
Args length:	80/32768 chars
Exit code:	0


Version:	3.12
CmdLine:	E:\School\SummerProjects\IVLESync\out\artifacts\IVLESync_jar\IVLESync.exe --l4j-debug
WOW64:		yes
Working dir:	E:\School\SummerProjects\IVLESync\out\artifacts\IVLESync_jar\.
Java min ver:	1.004.000
Java max ver:	
64-bit search:	SOFTWARE\JavaSoft\Java Runtime Environment...
Check:		SOFTWARE\JavaSoft\Java Runtime Environment\1.8
Check launcher:	C:\Program Files\Java\jre1.8.0_171\bin\javaw.exe (OK)
Match:		1.008.000
Check:		SOFTWARE\JavaSoft\Java Runtime Environment\1.8.0_171
Check launcher:	C:\Program Files\Java\jre1.8.0_171\bin\javaw.exe (OK)
Match:		1.008.000_171
64-bit search:	SOFTWARE\JavaSoft\Java Development Kit...
Check:		SOFTWARE\JavaSoft\Java Development Kit\1.8
Ignore:		1.008.000
Check:		SOFTWARE\JavaSoft\Java Development Kit\1.8.0_144
Ignore:		1.008.000_144
Check:		SOFTWARE\JavaSoft\Java Development Kit\1.8.0_171
Ignore:		1.008.000_171
64-bit search:	SOFTWARE\JavaSoft\JRE...
Check:		SOFTWARE\JavaSoft\JRE\10.0.1
Check launcher:	C:\Program Files\Java\jre-10.0.1\bin\javaw.exe (OK)
Match:		1.010.000_001
Check:		SOFTWARE\JavaSoft\JRE\10.0.2
Check launcher:	C:\Program Files\Java\jre-10.0.2\bin\javaw.exe (OK)
Match:		1.010.000_002
64-bit search:	SOFTWARE\JavaSoft\JDK...
Check:		SOFTWARE\JavaSoft\JDK\10.0.1
Ignore:		1.010.000_001
Check:		SOFTWARE\JavaSoft\JDK\10.0.2
Ignore:		1.010.000_002
Runtime used:	1.010.000_002 (64-bit)
Launcher:	C:\Program Files\Java\jre-10.0.2\bin\javaw.exe
Launcher args:	-jar "E:\School\SummerProjects\IVLESync\out\artifacts\IVLESync_jar\IVLESync.exe"
Args length:	80/32768 chars
Exit code:	0
